0.0	1.5	A:min/b3
1.5	3.0	A:min6
3.0	4.0	E:min
4.0	4.5	E:min
4.5	6.0	A:min/b3
6.0	7.5	F#:7
7.5	9.0	E:min/b3
9.0	10.0	F:7
10.0	10.5	F:7
10.5	12.0	E:maj
12.0	13.0	A:min/b3
13.0	14.0	E:sus2
14.0	15.0	F#:hdim7
15.0	16.0	E:min
16.0	16.5	G:maj
16.5	18.0	A:min
18.0	19.5	Bb:dim
19.5	21.5	E:min/5
21.5	22.0	F:7
22.0	24.0	E:maj
24.0	25.0	A:maj
25.0	25.5	E:maj
25.5	27.0	F#:dim
27.0	28.0	E:min(9)
28.0	28.5	A:7
28.5	29.5	D:maj
29.5	30.0	A:7/5
30.0	30.5	D:maj
30.5	32.0	C:7
32.0	32.5	E:min/5
32.5	33.0	B:7/b7
33.0	33.5	E:min/b3
33.5	36.0	B:11
36.0	37.5	C:maj
37.5	38.0	B:maj
38.0	38.5	F#:maj
38.5	39.0	B:maj
39.0	39.5	E:min
39.5	40.0	B:7
40.0	40.5	E:min
40.5	41.0	D:maj
41.0	41.5	A:maj
41.5	42.0	D:maj
42.0	43.5	F#:7
43.5	45.0	E:min/b3
45.0	46.0	B:sus4(b7,9)
46.0	46.5	B:7
46.5	48.0	A:min
48.0	49.5	E:min
